Arguments: 
  C:\Program Files\nodejs\node.exe C:\Program Files (x86)\Yarn\bin\yarn.js

PATH: 
  C:\Program Files\Eclipse Adoptium\jdk-11.0.19.7-hotspot\bin;C:\Windows\system32;C:\Windows;C:\Windows\System32\Wbem;C:\Windows\System32\WindowsPowerShell\v1.0\;C:\Windows\System32\OpenSSH\;C:\Program Files\Git\cmd;C:\ProgramData\chocolatey\bin;C:\Program Files\nodejs\;C:\Program Files (x86)\Yarn\bin\;C:\Users\miket\AppData\Local\Programs\Microsoft VS Code\Code.exe;C:\Users\miket\AppData\Local\Microsoft\WindowsApps;C:\Users\miket\AppData\Local\Programs\Microsoft VS Code\bin;C:\Users\miket\AppData\Roaming\npm;C:\Users\miket\AppData\Local\Yarn\bin;C:\Android\Sdk\emulator;C:\Android\Sdk\tools;C:\Android\Sdk\tools\bin;C:\Android\Sdk\platform-tools;C:\Program Files\JetBrains\PyCharm 2023.1.3\bin;;C:\Program Files\OpenSSL-Win64\bin;C:\Users\miket\AppData\Local\Programs\Microsoft VS Code\Code.exe;

Yarn version: 
  1.22.19

Node version: 
  18.16.1

Platform: 
  win32 x64

Trace: 
  Error: EBUSY: resource busy or locked, unlink 'C:\Users\miket\OneDrive\Área de Trabalho\appAutomation\server\node_modules\electron\dist\icudtl.dat'

npm manifest: 
  {
      "name": "meuProjetoElectron",
      "version": "1.0.0",
      "description": "",
      "main": "main.js",
      "scripts": {
          "start": "electron ."
      },
      "dependencies": {
          "electron": "^25.3.0",
          "express": "^4.18.2"
      }
  }

yarn manifest: 
  No manifest

Lockfile: 
  No lockfile
